\BOOKMARK [1][-]{section.1}{Module\0401\040\040\040Introduction\040}{}% 1
\BOOKMARK [2][-]{subsection.1.1}{Class\040Date:\040August\0405,\0402019}{section.1}% 2
\BOOKMARK [3][-]{subsubsection.1.1.1}{Topic:\040Types\040of\040Animal}{subsection.1.1}% 3
\BOOKMARK [1][-]{section.2}{Module\0402\040\040\040Frogs\040}{}% 4
\BOOKMARK [2][-]{subsection.2.1}{Class\040Date:\040August\0405,\0402019}{section.2}% 5
\BOOKMARK [3][-]{section*.1}{redTerm:\040Frogs}{subsection.2.1}% 6
\BOOKMARK [3][-]{subsubsection.2.1.1}{Topic:\040Anthropods}{subsection.2.1}% 7
\BOOKMARK [3][-]{subsubsection.2.1.2}{Topic:\040Candada}{subsection.2.1}% 8
\BOOKMARK [3][-]{subsubsection.2.1.2}{redTerm:\040Tiger}{subsection.2.1}% 9
\BOOKMARK [3][-]{subsubsection.2.1.3}{Topic:\040Orange\040Peels}{subsection.2.1}% 10
\BOOKMARK [3][-]{subsubsection.2.1.3}{redTerm:\040Candy}{subsection.2.1}% 11
\BOOKMARK [3][-]{subsubsection.2.1.4}{Recollections}{subsection.2.1}% 12
\BOOKMARK [1][-]{section.3}{Module\0402\040\040\040\040}{}% 13
\BOOKMARK [2][-]{subsection.3.1}{Class\040Date:\040August\0405,\0402019}{section.3}% 14
\BOOKMARK [3][-]{subsubsection.3.1.1}{Topic:\040Dinner}{subsection.3.1}% 15
\BOOKMARK [1][-]{section.4}{Module\0403\040\040\040\040}{}% 16
\BOOKMARK [2][-]{subsection.4.1}{Class\040Date:\040dsfds}{section.4}% 17
\BOOKMARK [3][-]{subsubsection.4.1.1}{Topic:\040dsfdsaf}{subsection.4.1}% 18
\BOOKMARK [3][-]{subsubsection.4.1.1}{redTerm:\040sdfsd}{subsection.4.1}% 19
\BOOKMARK [1][-]{section.5}{Module\0404\040\040\040foodssdfkjh\040}{}% 20
\BOOKMARK [2][-]{figure.1}{redTerm:\040<++>}{section.5}% 21
\BOOKMARK [3][-]{section*.2}{redTerm:\040aksjdhfkjsdhf}{figure.1}% 22
\BOOKMARK [1][-]{section.6}{Module\0405\040\040\040Abstract\040Concepts\040}{}% 23
\BOOKMARK [2][-]{subsection.6.1}{Class\040Date:\040August\0405,\0402019}{section.6}% 24
\BOOKMARK [3][-]{subsubsection.6.1.1}{Topic:\040Physics}{subsection.6.1}% 25
\BOOKMARK [3][-]{subsubsection.6.1.1}{redTerm:\040Entropy}{subsection.6.1}% 26
\BOOKMARK [2][-]{subsection.6.2}{Class\040Date:\040August\0405,\0402019}{section.6}% 27
